2026-05-07T00:03:53.816+05:30  INFO 2513 --- [product-pricing-engine] [kafka-coordinator-heartbeat-thread | price-group] o.a.k.c.c.internals.ConsumerCoordinator  : [Consumer clientId=consumer-price-group-1, groupId=price-group] Group coordinator localhost:9092 (id: 2147483647 rack: null) is unavailable or invalid due to cause: session timed out without receiving a heartbeat response. isDisconnected: false. Rediscovery will be attempted.
2026-05-07T00:03:54.384+05:30  INFO 2513 --- [product-pricing-engine] [kafka-coordinator-heartbeat-thread | price-group] o.a.k.c.c.internals.ConsumerCoordinator  : [Consumer clientId=consumer-price-group-1, groupId=price-group] Requesting disconnect from last known coordinator localhost:9092 (id: 2147483647 rack: null)
2026-05-07T00:03:54.389+05:30  INFO 2513 --- [product-pricing-engine] [kafka-coordinator-heartbeat-thread | price-group] org.apache.kafka.clients.NetworkClient   : [Consumer clientId=consumer-price-group-1, groupId=price-group] Client requested disconnect from node 2147483647
2026-05-07T00:03:54.453+05:30  INFO 2513 --- [product-pricing-engine] [org.springframework.kafka.KafkaListenerEndpointContainer#0-0-C-1] o.a.k.c.c.internals.ConsumerCoordinator  : [Consumer clientId=consumer-price-group-1, groupId=price-group] Discovered group coordinator localhost:9092 (id: 2147483647 rack: null)
2026-05-07T00:05:23.200+05:30 DEBUG 2513 --- [product-pricing-engine] [scheduling-1] c.a.p.scheduler.PriceCrawlScheduler      : Price crawl scheduler is disabled
2026-05-07T00:10:23.188+05:30 DEBUG 2513 --- [product-pricing-engine] [scheduling-1] c.a.p.scheduler.PriceCrawlScheduler      : Price crawl scheduler is disabled
2026-05-07T00:15:23.170+05:30 DEBUG 2513 --- [product-pricing-engine] [scheduling-1] c.a.p.scheduler.PriceCrawlScheduler      : Price crawl scheduler is disabled
2026-05-07T00:20:23.171+05:30 DEBUG 2513 --- [product-pricing-engine] [scheduling-1] c.a.p.scheduler.PriceCrawlScheduler      : Price crawl scheduler is disabled
2026-05-07T00:25:23.160+05:30 DEBUG 2513 --- [product-pricing-engine] [scheduling-1] c.a.p.scheduler.PriceCrawlScheduler      : Price crawl scheduler is disabled
2026-05-07T00:30:23.152+05:30 DEBUG 2513 --- [product-pricing-engine] [scheduling-1] c.a.p.scheduler.PriceCrawlScheduler      : Price crawl scheduler is disabled
2026-05-07T00:35:23.142+05:30 DEBUG 2513 --- [product-pricing-engine] [scheduling-1] c.a.p.scheduler.PriceCrawlScheduler      : Price crawl scheduler is disabled
2026-05-07T00:40:23.194+05:30 DEBUG 2513 --- [product-pricing-engine] [scheduling-1] c.a.p.scheduler.PriceCrawlScheduler      : Price crawl scheduler is disabled
2026-05-07T00:44:32.571+05:30  INFO 2513 --- [product-pricing-engine] [org.springframework.kafka.KafkaListenerEndpointContainer#0-0-C-1] k.c.c.i.ConsumerRebalanceListenerInvoker : [Consumer clientId=consumer-price-group-1, groupId=price-group] Revoke previously assigned partitions product-prices-0, product-prices-1, product-prices-2
2026-05-07T00:44:32.649+05:30  INFO 2513 --- [product-pricing-engine] [org.springframework.kafka.KafkaListenerEndpointContainer#0-0-C-1] o.s.k.l.KafkaMessageListenerContainer    : price-group: partitions revoked: [product-prices-0, product-prices-1, product-prices-2]
2026-05-07T00:44:32.659+05:30  INFO 2513 --- [product-pricing-engine] [org.springframework.kafka.KafkaListenerEndpointContainer#0-0-C-1] o.a.k.c.c.internals.ConsumerCoordinator  : [Consumer clientId=consumer-price-group-1, groupId=price-group] Member consumer-price-group-1-dfd0d59d-1070-4f5a-9afb-b1c7766019ab sending LeaveGroup request to coordinator localhost:9092 (id: 2147483647 rack: null) due to the consumer unsubscribed from all topics
2026-05-07T00:44:32.670+05:30  INFO 2513 --- [product-pricing-engine] [org.springframework.kafka.KafkaListenerEndpointContainer#0-0-C-1] o.a.k.c.c.internals.ConsumerCoordinator  : [Consumer clientId=consumer-price-group-1, groupId=price-group] Resetting generation and member id due to: consumer pro-actively leaving the group
2026-05-07T00:44:32.670+05:30  INFO 2513 --- [product-pricing-engine] [org.springframework.kafka.KafkaListenerEndpointContainer#0-0-C-1] o.a.k.c.c.internals.ConsumerCoordinator  : [Consumer clientId=consumer-price-group-1, groupId=price-group] Request joining group due to: consumer pro-actively leaving the group
2026-05-07T00:44:32.670+05:30  INFO 2513 --- [product-pricing-engine] [org.springframework.kafka.KafkaListenerEndpointContainer#0-0-C-1] o.a.k.c.c.i.ClassicKafkaConsumer         : [Consumer clientId=consumer-price-group-1, groupId=price-group] Unsubscribed all topics or patterns and assigned partitions
2026-05-07T00:44:32.690+05:30  INFO 2513 --- [product-pricing-engine] [org.springframework.kafka.KafkaListenerEndpointContainer#0-0-C-1] o.a.k.c.c.internals.ConsumerCoordinator  : [Consumer clientId=consumer-price-group-1, groupId=price-group] Resetting generation and member id due to: consumer pro-actively leaving the group
2026-05-07T00:44:32.690+05:30  INFO 2513 --- [product-pricing-engine] [org.springframework.kafka.KafkaListenerEndpointContainer#0-0-C-1] o.a.k.c.c.internals.ConsumerCoordinator  : [Consumer clientId=consumer-price-group-1, groupId=price-group] Request joining group due to: consumer pro-actively leaving the group
2026-05-07T00:44:32.906+05:30  INFO 2513 --- [product-pricing-engine] [org.springframework.kafka.KafkaListenerEndpointContainer#0-0-C-1] o.apache.kafka.common.metrics.Metrics    : Metrics scheduler closed
2026-05-07T00:44:32.908+05:30  INFO 2513 --- [product-pricing-engine] [org.springframework.kafka.KafkaListenerEndpointContainer#0-0-C-1] o.apache.kafka.common.metrics.Metrics    : Closing reporter org.apache.kafka.common.metrics.JmxReporter
2026-05-07T00:44:32.909+05:30  INFO 2513 --- [product-pricing-engine] [org.springframework.kafka.KafkaListenerEndpointContainer#0-0-C-1] o.apache.kafka.common.metrics.Metrics    : Closing reporter org.apache.kafka.common.telemetry.internals.ClientTelemetryReporter
2026-05-07T00:44:32.909+05:30  INFO 2513 --- [product-pricing-engine] [org.springframework.kafka.KafkaListenerEndpointContainer#0-0-C-1] o.apache.kafka.common.metrics.Metrics    : Metrics reporters closed
2026-05-07T00:44:32.979+05:30  INFO 2513 --- [product-pricing-engine] [org.springframework.kafka.KafkaListenerEndpointContainer#0-0-C-1] o.a.kafka.common.utils.AppInfoParser     : App info kafka.consumer for consumer-price-group-1 unregistered
2026-05-07T00:44:32.988+05:30  INFO 2513 --- [product-pricing-engine] [org.springframework.kafka.KafkaListenerEndpointContainer#0-0-C-1] o.s.k.l.KafkaMessageListenerContainer    : price-group: Consumer stopped
2026-05-07T00:44:33.009+05:30  INFO 2513 --- [product-pricing-engine] [SpringApplicationShutdownHook] o.s.b.w.e.tomcat.GracefulShutdown        : Commencing graceful shutdown. Waiting for active requests to complete
2026-05-07T00:44:33.080+05:30  INFO 2513 --- [product-pricing-engine] [tomcat-shutdown] o.s.b.w.e.tomcat.GracefulShutdown        : Graceful shutdown complete
